<?xml version="1.0" encoding="UTF-8"?>
<!-- Generated by org.testng.reporters.JUnitXMLReporter -->
<testsuite ignored="0" hostname="LAPTOP-K88R6NSI" failures="0" tests="4" name="Orange Hrm User Test" time="21.031" errors="0" timestamp="2023-07-09T15:28:20 IST">
  <testcase classname="TestLayer.LoginPage" name="validateLogInFuctionality" time="3.128"/>
  <testcase classname="TestLayer.HomePage" name="validateHomepage" time="0.064"/>
  <testcase classname="TestLayer.PimPage" name="validatePIMpage" time="4.5"/>
  <testcase classname="TestLayer.PimPage" name="AddEmployee" time="0.0">
    <skipped/>
  </testcase> <!-- AddEmployee -->
</testsuite> <!-- Orange Hrm User Test -->
