<?xml version="1.0" encoding="UTF-8"?>
<testng-results ignored="0" total="4" passed="3" failed="0" skipped="1">
  <reporter-output>
  </reporter-output>
  <suite started-at="2023-07-09T15:27:59 IST" name="OrangeHRM Apllication" finished-at="2023-07-09T15:28:20 IST" duration-ms="21031">
    <groups>
    </groups>
    <test started-at="2023-07-09T15:27:59 IST" name="Orange Hrm User Test" finished-at="2023-07-09T15:28:20 IST" duration-ms="21031">
      <class name="TestLayer.PimPage">
        <test-method signature="validatePIMpage()[pri:3, instance:TestLayer.PimPage@4b8ee4de]" started-at="2023-07-09T15:28:13 IST" name="validatePIMpage" finished-at="2023-07-09T15:28:18 IST" duration-ms="4500" status="PASS">
          <reporter-output>
          </reporter-output>
        </test-method> <!-- validatePIMpage -->
        <test-method signature="AddEmployee(java.lang.String,java.lang.String,java.lang.String)[pri:4, instance:TestLayer.PimPage@4b8ee4de]" started-at="2023-07-09T15:28:20 IST" name="AddEmployee" data-provider="addEmployee" finished-at="2023-07-09T15:28:20 IST" duration-ms="0" status="SKIP">
          <exception class="java.lang.RuntimeException">
            <message>
              <![CDATA[java.lang.NullPointerException: Cannot invoke "org.apache.poi.xssf.usermodel.XSSFRow.getCell(int)" because the return value of "org.apache.poi.xssf.usermodel.XSSFSheet.getRow(int)" is null]]>
            </message>
            <full-stacktrace>
              <![CDATA[java.lang.RuntimeException: java.lang.NullPointerException: Cannot invoke "org.apache.poi.xssf.usermodel.XSSFRow.getCell(int)" because the return value of "org.apache.poi.xssf.usermodel.XSSFSheet.getRow(int)" is null
at org.testng.internal.MethodInvocationHelper.invokeMethodNoCheckedException(MethodInvocationHelper.java:50)
at org.testng.internal.MethodInvocationHelper.invokeDataProvider(MethodInvocationHelper.java:146)
at org.testng.internal.Parameters.handleParameters(Parameters.java:798)
at org.testng.internal.Parameters.handleParameters(Parameters.java:740)
at org.testng.internal.ParameterHandler.handleParameters(ParameterHandler.java:59)
at org.testng.internal.ParameterHandler.createParameters(ParameterHandler.java:38)
at org.testng.internal.TestInvoker$MethodInvocationAgent.invoke(TestInvoker.java:791)
at org.testng.internal.TestInvoker.invokeTestMethods(TestInvoker.java:146)
at org.testng.internal.TestMethodWorker.invokeTestMethods(TestMethodWorker.java:146)
at org.testng.internal.TestMethodWorker.run(TestMethodWorker.java:128)
at java.base/java.util.ArrayList.forEach(ArrayList.java:1511)
at org.testng.TestRunner.privateRun(TestRunner.java:794)
at org.testng.TestRunner.run(TestRunner.java:596)
at org.testng.SuiteRunner.runTest(SuiteRunner.java:377)
at org.testng.SuiteRunner.runSequentially(SuiteRunner.java:371)
at org.testng.SuiteRunner.privateRun(SuiteRunner.java:332)
at org.testng.SuiteRunner.run(SuiteRunner.java:276)
at org.testng.SuiteRunnerWorker.runSuite(SuiteRunnerWorker.java:53)
at org.testng.SuiteRunnerWorker.run(SuiteRunnerWorker.java:96)
at org.testng.TestNG.runSuitesSequentially(TestNG.java:1212)
at org.testng.TestNG.runSuitesLocally(TestNG.java:1134)
at org.testng.TestNG.runSuites(TestNG.java:1063)
at org.testng.TestNG.run(TestNG.java:1031)
at org.testng.remote.AbstractRemoteTestNG.run(AbstractRemoteTestNG.java:115)
at org.testng.remote.RemoteTestNG.initAndRun(RemoteTestNG.java:251)
at org.testng.remote.RemoteTestNG.main(RemoteTestNG.java:77)
Caused by: java.lang.NullPointerException: Cannot invoke "org.apache.poi.xssf.usermodel.XSSFRow.getCell(int)" because the return value of "org.apache.poi.xssf.usermodel.XSSFSheet.getRow(int)" is null
at UtilityLayer.ExcelReader.getSpecificData(ExcelReader.java:34)
at UtilityLayer.ExcelReader.getAllSheetData(ExcelReader.java:60)
at TestLayer.PimPage.addEmployee(PimPage.java:38)
at java.base/jdk.internal.reflect.NativeMethodAccessorImpl.invoke0(Native Method)
at java.base/jdk.internal.reflect.NativeMethodAccessorImpl.invoke(NativeMethodAccessorImpl.java:77)
at java.base/jdk.internal.reflect.DelegatingMethodAccessorImpl.invoke(DelegatingMethodAccessorImpl.java:43)
at java.base/java.lang.reflect.Method.invoke(Method.java:568)
at org.testng.internal.MethodInvocationHelper.invokeMethod(MethodInvocationHelper.java:133)
at org.testng.internal.MethodInvocationHelper.invokeMethod(MethodInvocationHelper.java:77)
at org.testng.internal.MethodInvocationHelper.invokeMethodNoCheckedException(MethodInvocationHelper.java:46)
... 25 more
]]>
            </full-stacktrace>
          </exception> <!-- java.lang.RuntimeException -->
          <reporter-output>
          </reporter-output>
        </test-method> <!-- AddEmployee -->
      </class> <!-- TestLayer.PimPage -->
      <class name="TestLayer.LoginPage">
        <test-method is-config="true" signature="setUp()[pri:0, instance:TestLayer.LoginPage@82de64a]" started-at="2023-07-09T15:27:59 IST" name="setUp" finished-at="2023-07-09T15:28:10 IST" duration-ms="11265" status="PASS">
          <reporter-output>
          </reporter-output>
        </test-method> <!-- setUp -->
        <test-method signature="validateLogInFuctionality()[pri:1, instance:TestLayer.LoginPage@82de64a]" started-at="2023-07-09T15:28:10 IST" name="validateLogInFuctionality" finished-at="2023-07-09T15:28:13 IST" duration-ms="3128" status="PASS">
          <reporter-output>
          </reporter-output>
        </test-method> <!-- validateLogInFuctionality -->
        <test-method is-config="true" signature="tearDown()[pri:0, instance:TestLayer.LoginPage@82de64a]" started-at="2023-07-09T15:28:20 IST" name="tearDown" finished-at="2023-07-09T15:28:20 IST" duration-ms="3" status="PASS">
          <reporter-output>
          </reporter-output>
        </test-method> <!-- tearDown -->
      </class> <!-- TestLayer.LoginPage -->
      <class name="TestLayer.HomePage">
        <test-method signature="validateHomepage()[pri:2, instance:TestLayer.HomePage@47d9a273]" started-at="2023-07-09T15:28:13 IST" name="validateHomepage" finished-at="2023-07-09T15:28:13 IST" duration-ms="64" status="PASS">
          <reporter-output>
          </reporter-output>
        </test-method> <!-- validateHomepage -->
      </class> <!-- TestLayer.HomePage -->
    </test> <!-- Orange Hrm User Test -->
  </suite> <!-- OrangeHRM Apllication -->
</testng-results>
